<?xml version='1.0' encoding='UTF-8' ?>
<testsuite name="com.example.freeman_option1.ExampleInstrumentedTest" tests="1" failures="0" errors="0" skipped="0" time="0.519" timestamp="2024-05-26T23:14:17" hostname="localhost">
  <properties>
    <property name="device" value="Pixel_3a_API_34_extension_level_7_x86_64(AVD) - 14" />
    <property name="flavor" value="" />
    <property name="project" value=":app" />
  </properties>
  <testcase name="useAppContext" classname="com.example.freeman_option1.ExampleInstrumentedTest" time="0.009" />
</testsuite>